  Background.cpp
C:\Users\karol\source\repos\Projects\car_driving\Background.cpp(29,13): warning C4305: "=": obcięcie z "double" do "float"
C:\Users\karol\source\repos\Projects\car_driving\Background.cpp(30,15): warning C4305: "=": obcięcie z "double" do "float"
  Bonus.cpp
C:\Users\karol\source\repos\Projects\car_driving\Bonus.cpp(28,135): warning C4244: "argument": konwersja z "T" do "int", możliwa utrata danych
          with
          [
              T=float
          ]
C:\Users\karol\source\repos\Projects\car_driving\Bonus.cpp(28,61): warning C4244: "argument": konwersja z "T" do "int", możliwa utrata danych
          with
          [
              T=float
          ]
C:\Users\karol\source\repos\Projects\car_driving\Bonus.cpp(28,58): warning C4244: "argument": konwersja z "int" do "T", możliwa utrata danych
          with
          [
              T=float
          ]
  Button.cpp
  Car.cpp
C:\Users\karol\source\repos\Projects\car_driving\Car.cpp(23,25): warning C4305: "argument": obcięcie z "double" do "float"
C:\Users\karol\source\repos\Projects\car_driving\Car.cpp(28,92): warning C4244: "argument": konwersja z "T" do "int", możliwa utrata danych
          with
          [
              T=float
          ]
C:\Users\karol\source\repos\Projects\car_driving\Car.cpp(28,55): warning C4244: "argument": konwersja z "T" do "int", możliwa utrata danych
          with
          [
              T=float
          ]
C:\Users\karol\source\repos\Projects\car_driving\Car.cpp(28,50): warning C4244: "argument": konwersja z "int" do "T", możliwa utrata danych
          with
          [
              T=float
          ]
  Cat.cpp
C:\Users\karol\source\repos\Projects\car_driving\Cat.cpp(23,25): warning C4305: "argument": obcięcie z "double" do "float"
C:\Users\karol\source\repos\Projects\car_driving\Cat.cpp(28,93): warning C4244: "argument": konwersja z "T" do "int", możliwa utrata danych
          with
          [
              T=float
          ]
C:\Users\karol\source\repos\Projects\car_driving\Cat.cpp(28,55): warning C4244: "argument": konwersja z "T" do "int", możliwa utrata danych
          with
          [
              T=float
          ]
C:\Users\karol\source\repos\Projects\car_driving\Cat.cpp(28,50): warning C4244: "argument": konwersja z "int" do "T", możliwa utrata danych
          with
          [
              T=float
          ]
  Collision.cpp
  Credits.cpp
  Dog.cpp
C:\Users\karol\source\repos\Projects\car_driving\Dog.cpp(23,25): warning C4305: "argument": obcięcie z "double" do "float"
C:\Users\karol\source\repos\Projects\car_driving\Dog.cpp(28,93): warning C4244: "argument": konwersja z "T" do "int", możliwa utrata danych
          with
          [
              T=float
          ]
C:\Users\karol\source\repos\Projects\car_driving\Dog.cpp(28,55): warning C4244: "argument": konwersja z "T" do "int", możliwa utrata danych
          with
          [
              T=float
          ]
C:\Users\karol\source\repos\Projects\car_driving\Dog.cpp(28,50): warning C4244: "argument": konwersja z "int" do "T", możliwa utrata danych
          with
          [
              T=float
          ]
  GameOver.cpp
  HorizontallyMovingObject.cpp
  Hp.cpp
  Instruction.cpp
  Introduce.cpp
  list.cpp
  car_driving.cpp
  Game.cpp
  Menu.cpp
C:\Users\karol\source\repos\Projects\car_driving\Menu.cpp(359,11): warning C4551: wywołaniu funkcji brakuje listy argumentów
  Music.cpp
  Obstacle.cpp
  Pedestrian.cpp
C:\Users\karol\source\repos\Projects\car_driving\Pedestrian.cpp(29,135): warning C4244: "argument": konwersja z "T" do "int", możliwa utrata danych
          with
          [
              T=float
          ]
C:\Users\karol\source\repos\Projects\car_driving\Pedestrian.cpp(29,61): warning C4244: "argument": konwersja z "T" do "int", możliwa utrata danych
          with
          [
              T=float
          ]
C:\Users\karol\source\repos\Projects\car_driving\Pedestrian.cpp(29,58): warning C4244: "argument": konwersja z "int" do "T", możliwa utrata danych
          with
          [
              T=float
          ]
  Generowanie kodu...
C:\Users\karol\source\repos\Projects\car_driving\list.cpp(143): warning C4715: "list::find”: niewszystkie ścieżki kodu zwracają wartość
C:\Users\karol\source\repos\Projects\car_driving\Introduce.cpp(155): warning C4715: "Introduce::check”: niewszystkie ścieżki kodu zwracają wartość
  Trwa kompilowanie...
  Player.cpp
C:\Users\karol\source\repos\Projects\car_driving\Player.cpp(6,14): warning C4305: "=": obcięcie z "double" do "float"
C:\Users\karol\source\repos\Projects\car_driving\Player.cpp(45,25): warning C4305: "argument": obcięcie z "double" do "float"
  Points.cpp
  Puddle.cpp
C:\Users\karol\source\repos\Projects\car_driving\Puddle.cpp(23,25): warning C4305: "argument": obcięcie z "double" do "float"
C:\Users\karol\source\repos\Projects\car_driving\Puddle.cpp(28,93): warning C4244: "argument": konwersja z "T" do "int", możliwa utrata danych
          with
          [
              T=float
          ]
C:\Users\karol\source\repos\Projects\car_driving\Puddle.cpp(28,55): warning C4244: "argument": konwersja z "T" do "int", możliwa utrata danych
          with
          [
              T=float
          ]
C:\Users\karol\source\repos\Projects\car_driving\Puddle.cpp(28,50): warning C4244: "argument": konwersja z "int" do "T", możliwa utrata danych
          with
          [
              T=float
          ]
  Random.cpp
  RandomlyMovingObject.cpp
  Sound.cpp
  Stats.cpp
  VerticallyMovingObject.cpp
  Generowanie kodu...
  LINK : nie znaleziono elementu C:\Users\karol\source\repos\Projects\car_driving\x64\Debug\car_driving.exe ani nie został on skompilowany podczas ostatniego konsolidowania przyrostowego; zostanie wykonana pełna konsolidacja
  car_driving.vcxproj -> C:\Users\karol\source\repos\Projects\car_driving\x64\Debug\car_driving.exe
